<?xml version="1.0" encoding="UTF-8"?>
<!-- Generated by org.testng.reporters.JUnitXMLReporter -->
<testsuite ignored="0" hostname="DESKTOP-VRBKJTB" failures="0" tests="3" name="Default test" time="34.194" errors="0" timestamp="2022-07-27T14:43:15 IST">
  <testcase classname="test.ZerodaLoginPageTest" name="LoginWithValidCredentials" time="2.857"/>
  <testcase classname="test.ZerodaLoginPageTest" name="SignUpNow" time="1.621"/>
  <testcase classname="test.ZerodaLoginPageTest" name="forgetAccount" time="4.079"/>
</testsuite> <!-- Default test -->
