<?xml version="1.0" encoding="UTF-8"?>
<!-- Generated by org.testng.reporters.JUnitXMLReporter -->
<testsuite ignored="0" hostname="RAHUL-SANDIP" failures="0" tests="4" name="Default test" time="38.385" errors="0" timestamp="2022-08-31T20:24:28 IST">
  <testcase classname="test.ZerodaHomePageTest" name="@AfterMethod PostExecution" time="0.001">
    <failure type="java.lang.NullPointerException">
      <![CDATA[java.lang.NullPointerException
at utility.Reports.PostExcution(Reports.java:43)
at test.ZerodaHomePageTest.PostExecution(ZerodaHomePageTest.java:42)
at java.base/jdk.internal.reflect.NativeMethodAccessorImpl.invoke0(Native Method)
at java.base/jdk.internal.reflect.NativeMethodAccessorImpl.invoke(NativeMethodAccessorImpl.java:62)
at java.base/jdk.internal.reflect.DelegatingMethodAccessorImpl.invoke(DelegatingMethodAccessorImpl.java:43)
at java.base/java.lang.reflect.Method.invoke(Method.java:566)
at org.testng.internal.MethodInvocationHelper.invokeMethod(MethodInvocationHelper.java:133)
at org.testng.internal.MethodInvocationHelper.invokeMethodConsideringTimeout(MethodInvocationHelper.java:62)
at org.testng.internal.ConfigInvoker.invokeConfigurationMethod(ConfigInvoker.java:385)
at org.testng.internal.ConfigInvoker.invokeConfigurations(ConfigInvoker.java:321)
at org.testng.internal.TestInvoker.runConfigMethods(TestInvoker.java:700)
at org.testng.internal.TestInvoker.runAfterGroupsConfigurations(TestInvoker.java:676)
at org.testng.internal.TestInvoker.invokeMethod(TestInvoker.java:660)
at org.testng.internal.TestInvoker.invokeTestMethod(TestInvoker.java:173)
at org.testng.internal.MethodRunner.runInSequence(MethodRunner.java:46)
at org.testng.internal.TestInvoker$MethodInvocationAgent.invoke(TestInvoker.java:824)
at org.testng.internal.TestInvoker.invokeTestMethods(TestInvoker.java:146)
at org.testng.internal.TestMethodWorker.invokeTestMethods(TestMethodWorker.java:146)
at org.testng.internal.TestMethodWorker.run(TestMethodWorker.java:128)
at java.base/java.util.ArrayList.forEach(ArrayList.java:1541)
at org.testng.TestRunner.privateRun(TestRunner.java:794)
at org.testng.TestRunner.run(TestRunner.java:596)
at org.testng.SuiteRunner.runTest(SuiteRunner.java:377)
at org.testng.SuiteRunner.runSequentially(SuiteRunner.java:371)
at org.testng.SuiteRunner.privateRun(SuiteRunner.java:332)
at org.testng.SuiteRunner.run(SuiteRunner.java:276)
at org.testng.SuiteRunnerWorker.runSuite(SuiteRunnerWorker.java:53)
at org.testng.SuiteRunnerWorker.run(SuiteRunnerWorker.java:96)
at org.testng.TestNG.runSuitesSequentially(TestNG.java:1212)
at org.testng.TestNG.runSuitesLocally(TestNG.java:1134)
at org.testng.TestNG.runSuites(TestNG.java:1063)
at org.testng.TestNG.run(TestNG.java:1031)
at org.testng.remote.AbstractRemoteTestNG.run(AbstractRemoteTestNG.java:115)
at org.testng.remote.RemoteTestNG.initAndRun(RemoteTestNG.java:251)
at org.testng.remote.RemoteTestNG.main(RemoteTestNG.java:77)
]]>
    </failure>
  </testcase> <!-- @AfterMethod PostExecution -->
  <testcase classname="test.ZerodaHomePageTest" name="@BeforeMethod launchBrowser" time="-1.661957668165E9">
    <skipped/>
  </testcase> <!-- @BeforeMethod launchBrowser -->
  <testcase classname="test.ZerodaHomePageTest" name="@AfterMethod ClosedtheLaunchBrowser" time="-1.661957668178E9">
    <skipped/>
  </testcase> <!-- @AfterMethod ClosedtheLaunchBrowser -->
  <testcase classname="test.ZerodaHomePageTest" name="@AfterMethod PostExecution" time="-1.661957668181E9">
    <skipped/>
  </testcase> <!-- @AfterMethod PostExecution -->
  <testcase classname="test.ZerodaHomePageTest" name="@BeforeMethod launchBrowser" time="-1.661957668185E9">
    <skipped/>
  </testcase> <!-- @BeforeMethod launchBrowser -->
  <testcase classname="test.ZerodaHomePageTest" name="@AfterMethod ClosedtheLaunchBrowser" time="-1.661957668257E9">
    <skipped/>
  </testcase> <!-- @AfterMethod ClosedtheLaunchBrowser -->
  <testcase classname="test.ZerodaHomePageTest" name="@AfterMethod PostExecution" time="-1.661957668262E9">
    <skipped/>
  </testcase> <!-- @AfterMethod PostExecution -->
  <testcase classname="test.ZerodaHomePageTest" name="@BeforeMethod launchBrowser" time="-1.661957668272E9">
    <skipped/>
  </testcase> <!-- @BeforeMethod launchBrowser -->
  <testcase classname="test.ZerodaHomePageTest" name="@AfterMethod ClosedtheLaunchBrowser" time="-1.661957668294E9">
    <skipped/>
  </testcase> <!-- @AfterMethod ClosedtheLaunchBrowser -->
  <testcase classname="test.ZerodaHomePageTest" name="@AfterMethod PostExecution" time="-1.661957668297E9">
    <skipped/>
  </testcase> <!-- @AfterMethod PostExecution -->
  <testcase classname="test.ZerodaHomePageTest" name="@AfterTest publishReport" time="-1.6619576683E9">
    <skipped/>
  </testcase> <!-- @AfterTest publishReport -->
  <testcase classname="test.ZerodaHomePageTest" name="serachStockAndClickOnBuyWithRegularMISMarketOrder" time="8.02"/>
  <testcase classname="test.ZerodaHomePageTest" name="serachStockAndClickOnBuyWithRegularCNCMarketOrder" time="0.0">
    <skipped/>
  </testcase> <!-- serachStockAndClickOnBuyWithRegularCNCMarketOrder -->
  <testcase classname="test.ZerodaHomePageTest" name="serachStockAndClickOnSell" time="0.0">
    <skipped/>
  </testcase> <!-- serachStockAndClickOnSell -->
  <testcase classname="test.ZerodaHomePageTest" name="searchStockAndClickOnChart" time="0.0">
    <skipped/>
  </testcase> <!-- searchStockAndClickOnChart -->
</testsuite> <!-- Default test -->
