<?xml version="1.0" encoding="UTF-8"?>
<!-- Generated by org.testng.reporters.JUnitXMLReporter -->
<testsuite ignored="0" hostname="DESKTOP-VRBKJTB" failures="0" tests="3" name="Test" time="36.326" errors="0" timestamp="2022-07-27T14:44:33 IST">
  <testcase classname="test.ZerodaLoginPageTest" name="LoginWithValidCredentials" time="3.233"/>
  <testcase classname="test.ZerodaLoginPageTest" name="SignUpNow" time="1.867"/>
  <testcase classname="test.ZerodaLoginPageTest" name="forgetAccount" time="3.675"/>
</testsuite> <!-- Test -->
