<?xml version="1.0" encoding="UTF-8"?>
<testng-results ignored="0" total="3" passed="3" failed="0" skipped="0">
  <reporter-output>
  </reporter-output>
  <suite started-at="2022-07-27T14:43:56 IST" name="Suite" finished-at="2022-07-27T14:44:33 IST" duration-ms="36326">
    <groups>
    </groups>
    <test started-at="2022-07-27T14:43:56 IST" name="Test" finished-at="2022-07-27T14:44:33 IST" duration-ms="36326">
      <class name="test.ZerodaLoginPageTest">
        <test-method is-config="true" signature="ConfigureReport()[pri:0, instance:test.ZerodaLoginPageTest@201a4587]" started-at="2022-07-27T14:43:56 IST" name="ConfigureReport" finished-at="2022-07-27T14:43:57 IST" duration-ms="710" status="PASS">
          <reporter-output>
          </reporter-output>
        </test-method> <!-- ConfigureReport -->
        <test-method is-config="true" signature="LaunchBrowser()[pri:0, instance:test.ZerodaLoginPageTest@201a4587]" started-at="2022-07-27T14:43:57 IST" name="LaunchBrowser" finished-at="2022-07-27T14:44:07 IST" duration-ms="10145" status="PASS">
          <reporter-output>
          </reporter-output>
        </test-method> <!-- LaunchBrowser -->
        <test-method signature="LoginWithValidCredentials()[pri:0, instance:test.ZerodaLoginPageTest@201a4587]" started-at="2022-07-27T14:44:07 IST" name="LoginWithValidCredentials" finished-at="2022-07-27T14:44:11 IST" duration-ms="3233" status="PASS">
          <reporter-output>
          </reporter-output>
        </test-method> <!-- LoginWithValidCredentials -->
        <test-method is-config="true" signature="PostExcution(org.testng.ITestResult)[pri:0, instance:test.ZerodaLoginPageTest@201a4587]" started-at="2022-07-27T14:44:11 IST" name="PostExcution" finished-at="2022-07-27T14:44:11 IST" duration-ms="357" status="PASS">
          <params>
            <param index="0">
              <value>
                <![CDATA[[TestResult name=LoginWithValidCredentials status=SUCCESS method=ZerodaLoginPageTest.LoginWithValidCredentials()[pri:0, instance:test.ZerodaLoginPageTest@201a4587] output={null}]]]>
              </value>
            </param>
          </params>
          <reporter-output>
          </reporter-output>
        </test-method> <!-- PostExcution -->
        <test-method is-config="true" signature="LaunchBrowser()[pri:0, instance:test.ZerodaLoginPageTest@201a4587]" started-at="2022-07-27T14:44:11 IST" name="LaunchBrowser" finished-at="2022-07-27T14:44:17 IST" duration-ms="5687" status="PASS">
          <reporter-output>
          </reporter-output>
        </test-method> <!-- LaunchBrowser -->
        <test-method signature="SignUpNow()[pri:0, instance:test.ZerodaLoginPageTest@201a4587]" started-at="2022-07-27T14:44:17 IST" name="SignUpNow" finished-at="2022-07-27T14:44:18 IST" duration-ms="1867" status="PASS">
          <reporter-output>
          </reporter-output>
        </test-method> <!-- SignUpNow -->
        <test-method is-config="true" signature="PostExcution(org.testng.ITestResult)[pri:0, instance:test.ZerodaLoginPageTest@201a4587]" started-at="2022-07-27T14:44:18 IST" name="PostExcution" finished-at="2022-07-27T14:44:19 IST" duration-ms="71" status="PASS">
          <params>
            <param index="0">
              <value>
                <![CDATA[[TestResult name=SignUpNow status=SUCCESS method=ZerodaLoginPageTest.SignUpNow()[pri:0, instance:test.ZerodaLoginPageTest@201a4587] output={null}]]]>
              </value>
            </param>
          </params>
          <reporter-output>
          </reporter-output>
        </test-method> <!-- PostExcution -->
        <test-method is-config="true" signature="LaunchBrowser()[pri:0, instance:test.ZerodaLoginPageTest@201a4587]" started-at="2022-07-27T14:44:19 IST" name="LaunchBrowser" finished-at="2022-07-27T14:44:25 IST" duration-ms="6357" status="PASS">
          <reporter-output>
          </reporter-output>
        </test-method> <!-- LaunchBrowser -->
        <test-method signature="forgetAccount()[pri:0, instance:test.ZerodaLoginPageTest@201a4587]" started-at="2022-07-27T14:44:25 IST" name="forgetAccount" finished-at="2022-07-27T14:44:29 IST" duration-ms="3675" status="PASS">
          <reporter-output>
          </reporter-output>
        </test-method> <!-- forgetAccount -->
        <test-method is-config="true" signature="PostExcution(org.testng.ITestResult)[pri:0, instance:test.ZerodaLoginPageTest@201a4587]" started-at="2022-07-27T14:44:29 IST" name="PostExcution" finished-at="2022-07-27T14:44:29 IST" duration-ms="603" status="PASS">
          <params>
            <param index="0">
              <value>
                <![CDATA[[TestResult name=forgetAccount status=SUCCESS method=ZerodaLoginPageTest.forgetAccount()[pri:0, instance:test.ZerodaLoginPageTest@201a4587] output={null}]]]>
              </value>
            </param>
          </params>
          <reporter-output>
          </reporter-output>
        </test-method> <!-- PostExcution -->
        <test-method is-config="true" signature="ClosedBrowser()[pri:0, instance:test.ZerodaLoginPageTest@201a4587]" started-at="2022-07-27T14:44:29 IST" name="ClosedBrowser" finished-at="2022-07-27T14:44:32 IST" duration-ms="2486" status="PASS">
          <reporter-output>
          </reporter-output>
        </test-method> <!-- ClosedBrowser -->
        <test-method is-config="true" signature="publishReport()[pri:0, instance:test.ZerodaLoginPageTest@201a4587]" started-at="2022-07-27T14:44:32 IST" name="publishReport" finished-at="2022-07-27T14:44:33 IST" duration-ms="1055" status="PASS">
          <reporter-output>
          </reporter-output>
        </test-method> <!-- publishReport -->
      </class> <!-- test.ZerodaLoginPageTest -->
    </test> <!-- Test -->
  </suite> <!-- Suite -->
</testng-results>
